  [4;36;1mSQL (0.2ms)[0m   [0;1m SELECT name
 FROM sqlite_master
 WHERE type = 'table' AND NOT name = 'sqlite_sequence'
[0m
  [4;35;1mSQL (0.1ms)[0m   [0mselect sqlite_version(*)[0m
  [4;36;1mSQL (26.1ms)[0m   [0;1mCREATE TABLE "schema_migrations" ("version" varchar(255) NOT NULL) [0m
  [4;35;1mSQL (14.0ms)[0m   [0mCREATE UNIQUE INDEX "unique_schema_migrations" ON "schema_migrations" ("version")[0m
  [4;36;1mSQL (0.3ms)[0m   [0;1m SELECT name
 FROM sqlite_master
 WHERE type = 'table' AND NOT name = 'sqlite_sequence'
[0m
  [4;35;1mSQL (0.1ms)[0m   [0mSELECT version FROM schema_migrations[0m
Migrating to CreateCustomers (20100309141050)
  [4;36;1mSQL (0.6ms)[0m   [0;1mCREATE TABLE "customers" ("id" INTEGER PRIMARY KEY AUTOINCREMENT NOT NULL, "name" varchar(255), "description" text, "phone" varchar(255), "rating" varchar(255), "created_at" datetime, "updated_at" datetime) [0m
  [4;35;1mSQL (0.2ms)[0m   [0mINSERT INTO schema_migrations (version) VALUES ('20100309141050')[0m
  [4;36;1mSQL (0.5ms)[0m   [0;1m SELECT name
 FROM sqlite_master
 WHERE type = 'table' AND NOT name = 'sqlite_sequence'
[0m
  [4;35;1mSQL (0.2ms)[0m   [0mSELECT version FROM schema_migrations[0m
  [4;36;1mSQL (0.2ms)[0m   [0;1m SELECT name
 FROM sqlite_master
 WHERE type = 'table' AND NOT name = 'sqlite_sequence'
[0m
  [4;35;1mSQL (0.1ms)[0m   [0mPRAGMA index_list("customers")[0m
  [4;36;1mCustomer Create (0.5ms)[0m   [0;1mINSERT INTO "customers" ("name", "rating", "created_at", "updated_at", "phone", "description") VALUES('Acme, inc', NULL, '2010-03-09 14:11:43', '2010-03-09 14:11:43', NULL, NULL)[0m
  [4;35;1mCustomer Create (1.1ms)[0m   [0mINSERT INTO "customers" ("name", "rating", "created_at", "updated_at", "phone", "description") VALUES('Basic, Inc.', 5, '2010-03-09 14:12:11', '2010-03-09 14:12:11', NULL, 'Um dos nossos melhores clientes')[0m
  [4;36;1mCustomer Load (0.6ms)[0m   [0;1mSELECT * FROM "customers" LIMIT 1[0m
  [4;35;1mCustomer Load (0.5ms)[0m   [0mSELECT * FROM "customers" WHERE ("customers"."id" = 2) [0m
  [4;36;1mCustomer Load (0.6ms)[0m   [0;1mSELECT * FROM "customers" [0m


Processing HomeController#index (for 127.0.0.1 at 2010-03-09 11:14:10) [GET]
Completed in 2ms (View: 0, DB: 0) | 200 OK [http://localhost/home]
  [4;36;1mSQL (0.4ms)[0m   [0;1m SELECT name
 FROM sqlite_master
 WHERE type = 'table' AND NOT name = 'sqlite_sequence'
[0m
  [4;35;1mSQL (0.1ms)[0m   [0mSELECT version FROM schema_migrations[0m
Migrating to CreateCustomers (20100309141050)
  [4;36;1mSQL (0.1ms)[0m   [0;1mselect sqlite_version(*)[0m
  [4;35;1mSQL (0.2ms)[0m   [0m SELECT name
 FROM sqlite_master
 WHERE type = 'table' AND NOT name = 'sqlite_sequence'
[0m
  [4;36;1mSQL (0.1ms)[0m   [0;1mSELECT version FROM schema_migrations[0m
  [4;35;1mSQL (0.1ms)[0m   [0m SELECT name
 FROM sqlite_master
 WHERE type = 'table' AND NOT name = 'sqlite_sequence'
[0m
  [4;36;1mSQL (0.0ms)[0m   [0;1mPRAGMA index_list("customers")[0m
  [4;36;1mSQL (0.4ms)[0m   [0;1m SELECT name
 FROM sqlite_master
 WHERE type = 'table' AND NOT name = 'sqlite_sequence'
[0m
  [4;35;1mSQL (0.1ms)[0m   [0mSELECT version FROM schema_migrations[0m
Migrating to CreateCustomers (20100309141050)
Migrating to CreateProjects (20100309142551)
  [4;36;1mSQL (0.1ms)[0m   [0;1mselect sqlite_version(*)[0m
  [4;35;1mSQL (0.7ms)[0m   [0mCREATE TABLE "projects" ("id" INTEGER PRIMARY KEY AUTOINCREMENT NOT NULL, "name" varchar(255), "description" text, "customer_id" integer, "created_at" datetime, "updated_at" datetime) [0m
  [4;36;1mSQL (0.3ms)[0m   [0;1mINSERT INTO schema_migrations (version) VALUES ('20100309142551')[0m
  [4;35;1mSQL (0.3ms)[0m   [0m SELECT name
 FROM sqlite_master
 WHERE type = 'table' AND NOT name = 'sqlite_sequence'
[0m
  [4;36;1mSQL (0.1ms)[0m   [0;1mSELECT version FROM schema_migrations[0m
  [4;35;1mSQL (0.2ms)[0m   [0m SELECT name
 FROM sqlite_master
 WHERE type = 'table' AND NOT name = 'sqlite_sequence'
[0m
  [4;36;1mSQL (0.1ms)[0m   [0;1mPRAGMA index_list("customers")[0m
  [4;35;1mSQL (0.0ms)[0m   [0mPRAGMA index_list("projects")[0m
  [4;36;1mCustomer Load (0.5ms)[0m   [0;1mSELECT * FROM "customers" LIMIT 1[0m
  [4;35;1mCustomer Load (0.2ms)[0m   [0mSELECT "customers".id FROM "customers" WHERE ("customers"."name" = 'Acme, inc' AND "customers".id <> 1) LIMIT 1[0m
  [4;36;1mProject Load (0.1ms)[0m   [0;1mSELECT "projects".id FROM "projects" WHERE ("projects"."name" = 'Our first project') LIMIT 1[0m
  [4;35;1mCustomer Load (0.2ms)[0m   [0mSELECT "customers".id FROM "customers" WHERE ("customers"."name" = 'Acme, inc' AND "customers".id <> 1) LIMIT 1[0m
  [4;36;1mProject Load (0.1ms)[0m   [0;1mSELECT "projects".id FROM "projects" WHERE ("projects"."name" = 'Our first project') LIMIT 1[0m
  [4;35;1mCustomer Load (0.3ms)[0m   [0mSELECT "customers".id FROM "customers" WHERE ("customers"."name" = 'Acme, inc' AND "customers".id <> 1) LIMIT 1[0m
  [4;36;1mProject Load (0.2ms)[0m   [0;1mSELECT "projects".id FROM "projects" WHERE ("projects"."name" = 'Our first project') LIMIT 1[0m
  [4;35;1mCustomer Load (0.2ms)[0m   [0mSELECT "customers".id FROM "customers" WHERE ("customers"."name" = 'Acme, inc' AND "customers".id <> 1) LIMIT 1[0m
  [4;36;1mProject Load (0.1ms)[0m   [0;1mSELECT "projects".id FROM "projects" WHERE ("projects"."name" = 'Our first project') LIMIT 1[0m
  [4;35;1mProject Create (0.5ms)[0m   [0mINSERT INTO "projects" ("name", "created_at", "updated_at", "description", "customer_id") VALUES('Our first project', '2010-03-09 14:28:19', '2010-03-09 14:28:19', NULL, 1)[0m


Processing HomeController#index (for 127.0.0.1 at 2010-03-09 11:34:21) [GET]
Rendering template within layouts/application
Rendering home/index
Completed in 21ms (View: 19, DB: 0) | 200 OK [http://localhost/home]


Processing ProjectsController#index (for 127.0.0.1 at 2010-03-09 11:34:24) [GET]
  [4;36;1mProject Load (0.5ms)[0m   [0;1mSELECT * FROM "projects" [0m
Rendering template within layouts/projects
Rendering projects/index
  [4;35;1mCustomer Load (0.3ms)[0m   [0mSELECT * FROM "customers" WHERE ("customers"."id" = 1) [0m
Completed in 46ms (View: 39, DB: 1) | 200 OK [http://localhost/projects]


Processing ProjectsController#show (for 127.0.0.1 at 2010-03-09 11:35:13) [GET]
  Parameters: {"id"=>"1"}
  [4;36;1mProject Load (0.2ms)[0m   [0;1mSELECT * FROM "projects" WHERE ("projects"."id" = 1) [0m
Rendering template within layouts/projects
Rendering projects/show
  [4;35;1mCustomer Load (0.2ms)[0m   [0mSELECT * FROM "customers" WHERE ("customers"."id" = 1) [0m
Completed in 16ms (View: 10, DB: 0) | 200 OK [http://localhost/projects/1]


Processing ProjectsController#edit (for 127.0.0.1 at 2010-03-09 11:36:40) [GET]
  Parameters: {"id"=>"1"}
  [4;36;1mCustomer Load (0.5ms)[0m   [0;1mSELECT * FROM "customers" [0m
  [4;35;1mProject Load (0.2ms)[0m   [0mSELECT * FROM "projects" WHERE ("projects"."id" = 1) [0m
Rendering template within layouts/projects
Rendering projects/edit
  [4;36;1mCustomer Load (0.3ms)[0m   [0;1mSELECT * FROM "customers" WHERE ("customers"."id" = 1) [0m
Rendered projects/_form (5.6ms)
Completed in 83ms (View: 74, DB: 1) | 200 OK [http://localhost/projects/1/edit]


Processing ProjectsController#index (for 127.0.0.1 at 2010-03-09 11:36:43) [GET]
  [4;35;1mProject Load (0.4ms)[0m   [0mSELECT * FROM "projects" [0m
Rendering template within layouts/projects
Rendering projects/index
  [4;36;1mCustomer Load (0.2ms)[0m   [0;1mSELECT * FROM "customers" WHERE ("customers"."id" = 1) [0m
Completed in 15ms (View: 10, DB: 1) | 200 OK [http://localhost/projects]


Processing ProjectsController#edit (for 127.0.0.1 at 2010-03-09 11:38:00) [GET]
  Parameters: {"id"=>"1"}
  [4;35;1mCustomer Load (0.5ms)[0m   [0mSELECT * FROM "customers" [0m
  [4;36;1mProject Load (0.2ms)[0m   [0;1mSELECT * FROM "projects" WHERE ("projects"."id" = 1) [0m
Rendering template within layouts/projects
Rendering projects/edit
Rendered projects/_form (4.9ms)
Completed in 19ms (View: 10, DB: 1) | 200 OK [http://localhost/projects/1/edit]


Processing ProjectsController#index (for 127.0.0.1 at 2010-03-09 11:38:08) [GET]
  [4;35;1mProject Load (0.4ms)[0m   [0mSELECT * FROM "projects" [0m
Rendering template within layouts/projects
Rendering projects/index
  [4;36;1mCustomer Load (0.2ms)[0m   [0;1mSELECT * FROM "customers" WHERE ("customers"."id" = 1) [0m
Completed in 14ms (View: 9, DB: 1) | 200 OK [http://localhost/projects]


Processing ProjectsController#new (for 127.0.0.1 at 2010-03-09 11:38:09) [GET]
  [4;35;1mCustomer Load (0.5ms)[0m   [0mSELECT * FROM "customers" [0m
Rendering template within layouts/projects
Rendering projects/new
Rendered projects/_form (3.7ms)
Completed in 18ms (View: 9, DB: 1) | 200 OK [http://localhost/projects/new]


Processing ProjectsController#index (for 127.0.0.1 at 2010-03-09 11:38:11) [GET]
  [4;36;1mProject Load (0.4ms)[0m   [0;1mSELECT * FROM "projects" [0m
Rendering template within layouts/projects
Rendering projects/index
  [4;35;1mCustomer Load (0.2ms)[0m   [0mSELECT * FROM "customers" WHERE ("customers"."id" = 1) [0m
Completed in 13ms (View: 9, DB: 1) | 200 OK [http://localhost/projects]


Processing ProjectsController#edit (for 127.0.0.1 at 2010-03-09 11:38:16) [GET]
  Parameters: {"id"=>"1"}
  [4;36;1mCustomer Load (0.5ms)[0m   [0;1mSELECT * FROM "customers" [0m
  [4;35;1mProject Load (0.2ms)[0m   [0mSELECT * FROM "projects" WHERE ("projects"."id" = 1) [0m
Rendering template within layouts/projects
Rendering projects/edit
Rendered projects/_form (3.9ms)
Completed in 14ms (View: 5, DB: 1) | 200 OK [http://localhost/projects/1/edit]


Processing ProjectsController#index (for 127.0.0.1 at 2010-03-09 11:42:37) [GET]
  [4;36;1mProject Load (0.6ms)[0m   [0;1mSELECT * FROM "projects" [0m
Rendering template within layouts/projects
Rendering projects/index
  [4;35;1mCustomer Load (0.3ms)[0m   [0mSELECT * FROM "customers" WHERE ("customers"."id" = 1) [0m
Completed in 39ms (View: 30, DB: 1) | 200 OK [http://localhost/projects]


Processing ProjectsController#index (for 127.0.0.1 at 2010-03-09 11:43:00) [GET]
  [4;36;1mProject Load (0.4ms)[0m   [0;1mSELECT * FROM "projects" [0m
  [4;35;1mCustomer Load (0.2ms)[0m   [0mSELECT * FROM "customers" WHERE ("customers"."id" = 1) [0m
Rendering template within layouts/projects
Rendering projects/index
Completed in 14ms (View: 5, DB: 1) | 200 OK [http://localhost/projects]


Processing ProjectsController#new (for 127.0.0.1 at 2010-03-09 11:43:13) [GET]
  [4;36;1mCustomer Load (0.5ms)[0m   [0;1mSELECT * FROM "customers" [0m
Rendering template within layouts/projects
Rendering projects/new
Rendered projects/_form (4.5ms)
Completed in 20ms (View: 12, DB: 1) | 200 OK [http://localhost/projects/new]


Processing ProjectsController#index (for 127.0.0.1 at 2010-03-09 11:43:19) [GET]
  [4;35;1mProject Load (0.5ms)[0m   [0mSELECT * FROM "projects" [0m
  [4;36;1mCustomer Load (0.2ms)[0m   [0;1mSELECT * FROM "customers" WHERE ("customers"."id" = 1) [0m
Rendering template within layouts/projects
Rendering projects/index
Completed in 74ms (View: 5, DB: 1) | 200 OK [http://localhost/projects]


Processing ProjectsController#new (for 127.0.0.1 at 2010-03-09 11:43:21) [GET]
  [4;35;1mCustomer Load (0.5ms)[0m   [0mSELECT * FROM "customers" [0m
Rendering template within layouts/projects
Rendering projects/new
Rendered projects/_form (3.5ms)
Completed in 13ms (View: 5, DB: 0) | 200 OK [http://localhost/projects/new]


Processing ProjectsController#create (for 127.0.0.1 at 2010-03-09 11:43:42) [POST]
  Parameters: {"commit"=>"Create", "authenticity_token"=>"e9ymBCmzMDuhzDh40IUcoJC64CF1gQkVVtn5sHz/dzQ=", "project"=>{"name"=>"Our second project", "customer_id"=>"1", "description"=>"Lorem ipsum dolor sit amet, consectetur adipisicing elit, sed do eiusmod tempor incididunt ut labore et dolore magna aliqua."}}
  [4;36;1mCustomer Load (0.5ms)[0m   [0;1mSELECT * FROM "customers" [0m
  [4;35;1mCustomer Load (0.2ms)[0m   [0mSELECT * FROM "customers" WHERE ("customers"."id" = 1) [0m
  [4;36;1mCustomer Load (0.1ms)[0m   [0;1mSELECT "customers".id FROM "customers" WHERE ("customers"."name" = 'Acme, inc' AND "customers".id <> 1) LIMIT 1[0m
  [4;35;1mProject Load (0.1ms)[0m   [0mSELECT "projects".id FROM "projects" WHERE ("projects"."name" = 'Our second project') LIMIT 1[0m
Rendering template within layouts/projects
Rendering projects/new
Rendered projects/_form (6.5ms)
Completed in 21ms (View: 8, DB: 1) | 200 OK [http://localhost/projects]


Processing ProjectsController#index (for 127.0.0.1 at 2010-03-09 11:44:08) [GET]
  [4;36;1mProject Load (0.4ms)[0m   [0;1mSELECT * FROM "projects" [0m
  [4;35;1mCustomer Load (0.2ms)[0m   [0mSELECT * FROM "customers" WHERE ("customers"."id" = 1) [0m
Rendering template within layouts/projects
Rendering projects/index
Completed in 13ms (View: 5, DB: 1) | 200 OK [http://localhost/projects]


Processing CustomersController#index (for 127.0.0.1 at 2010-03-09 11:44:11) [GET]
  [4;36;1mCustomer Load (0.8ms)[0m   [0;1mSELECT * FROM "customers" [0m
Rendering template within layouts/customers
Rendering customers/index
Completed in 60ms (View: 22, DB: 1) | 200 OK [http://localhost/customers]


Processing CustomersController#edit (for 127.0.0.1 at 2010-03-09 11:44:14) [GET]
  Parameters: {"id"=>"1"}
  [4;35;1mCustomer Load (0.4ms)[0m   [0mSELECT * FROM "customers" WHERE ("customers"."id" = 1) [0m
Rendering template within layouts/customers
Rendering customers/edit
Completed in 76ms (View: 9, DB: 0) | 200 OK [http://localhost/customers/1/edit]


Processing CustomersController#update (for 127.0.0.1 at 2010-03-09 11:44:31) [PUT]
  Parameters: {"commit"=>"Update", "authenticity_token"=>"e9ymBCmzMDuhzDh40IUcoJC64CF1gQkVVtn5sHz/dzQ=", "id"=>"1", "customer"=>{"rating"=>"5", "name"=>"Acme, inc", "phone"=>"3130774580", "description"=>"A pretty awesome company"}}
  [4;36;1mCustomer Load (0.2ms)[0m   [0;1mSELECT * FROM "customers" WHERE ("customers"."id" = 1) [0m
  [4;35;1mCustomer Load (0.1ms)[0m   [0mSELECT "customers".id FROM "customers" WHERE ("customers"."name" = 'Acme, inc' AND "customers".id <> 1) LIMIT 1[0m
  [4;36;1mCustomer Update (0.3ms)[0m   [0;1mUPDATE "customers" SET "phone" = '3130774580', "updated_at" = '2010-03-09 14:44:31', "rating" = '5', "description" = 'A pretty awesome company' WHERE "id" = 1[0m
Redirected to http://localhost:3000/customers/1
Completed in 12ms (DB: 1) | 302 Found [http://localhost/customers/1]


Processing CustomersController#show (for 127.0.0.1 at 2010-03-09 11:44:31) [GET]
  Parameters: {"id"=>"1"}
  [4;35;1mCustomer Load (0.2ms)[0m   [0mSELECT * FROM "customers" WHERE ("customers"."id" = 1) [0m
Rendering template within layouts/customers
Rendering customers/show
Completed in 11ms (View: 6, DB: 0) | 200 OK [http://localhost/customers/1]


Processing CustomersController#index (for 127.0.0.1 at 2010-03-09 11:44:33) [GET]
  [4;36;1mCustomer Load (0.5ms)[0m   [0;1mSELECT * FROM "customers" [0m
Rendering template within layouts/customers
Rendering customers/index
Completed in 12ms (View: 8, DB: 0) | 200 OK [http://localhost/customers]


Processing ProjectsController#index (for 127.0.0.1 at 2010-03-09 11:44:38) [GET]
  [4;35;1mProject Load (0.4ms)[0m   [0mSELECT * FROM "projects" [0m
  [4;36;1mCustomer Load (0.2ms)[0m   [0;1mSELECT * FROM "customers" WHERE ("customers"."id" = 1) [0m
Rendering template within layouts/projects
Rendering projects/index
Completed in 13ms (View: 4, DB: 1) | 200 OK [http://localhost/projects]


Processing ProjectsController#new (for 127.0.0.1 at 2010-03-09 11:44:43) [GET]
  [4;35;1mCustomer Load (0.5ms)[0m   [0mSELECT * FROM "customers" [0m
Rendering template within layouts/projects
Rendering projects/new
Rendered projects/_form (3.5ms)
Completed in 14ms (View: 5, DB: 0) | 200 OK [http://localhost/projects/new]


Processing ProjectsController#create (for 127.0.0.1 at 2010-03-09 11:44:54) [POST]
  Parameters: {"commit"=>"Create", "authenticity_token"=>"e9ymBCmzMDuhzDh40IUcoJC64CF1gQkVVtn5sHz/dzQ=", "project"=>{"name"=>"Our second project", "customer_id"=>"1", "description"=>"Lorem ipsum dolor sit amet, consectetur adipisicing elit, sed do eiusmod tempor incididunt ut labore et dolore magna aliqua."}}
  [4;36;1mCustomer Load (0.5ms)[0m   [0;1mSELECT * FROM "customers" [0m
  [4;35;1mCustomer Load (0.2ms)[0m   [0mSELECT * FROM "customers" WHERE ("customers"."id" = 1) [0m
  [4;36;1mCustomer Load (0.1ms)[0m   [0;1mSELECT "customers".id FROM "customers" WHERE ("customers"."name" = 'Acme, inc' AND "customers".id <> 1) LIMIT 1[0m
  [4;35;1mProject Load (0.1ms)[0m   [0mSELECT "projects".id FROM "projects" WHERE ("projects"."name" = 'Our second project') LIMIT 1[0m
  [4;36;1mProject Create (0.3ms)[0m   [0;1mINSERT INTO "projects" ("name", "created_at", "updated_at", "description", "customer_id") VALUES('Our second project', '2010-03-09 14:44:54', '2010-03-09 14:44:54', 'Lorem ipsum dolor sit amet, consectetur adipisicing elit, sed do eiusmod tempor incididunt ut labore et dolore magna aliqua.', 1)[0m
Redirected to http://localhost:3000/projects/2
Completed in 80ms (DB: 1) | 302 Found [http://localhost/projects]


Processing ProjectsController#show (for 127.0.0.1 at 2010-03-09 11:44:54) [GET]
  Parameters: {"id"=>"2"}
  [4;35;1mProject Load (0.2ms)[0m   [0mSELECT * FROM "projects" WHERE ("projects"."id" = 2) [0m
Rendering template within layouts/projects
Rendering projects/show
  [4;36;1mCustomer Load (0.2ms)[0m   [0;1mSELECT * FROM "customers" WHERE ("customers"."id" = 1) [0m
Completed in 15ms (View: 10, DB: 0) | 200 OK [http://localhost/projects/2]


Processing ProjectsController#index (for 127.0.0.1 at 2010-03-09 11:44:56) [GET]
  [4;35;1mProject Load (0.5ms)[0m   [0mSELECT * FROM "projects" [0m
  [4;36;1mCustomer Load (0.2ms)[0m   [0;1mSELECT * FROM "customers" WHERE ("customers"."id" = 1) [0m
Rendering template within layouts/projects
Rendering projects/index
Completed in 16ms (View: 7, DB: 1) | 200 OK [http://localhost/projects]


Processing ProjectsController#index (for 127.0.0.1 at 2010-03-09 11:46:00) [GET]
  [4;35;1mProject Load (0.5ms)[0m   [0mSELECT * FROM "projects" [0m
  [4;36;1mCustomer Load (0.2ms)[0m   [0;1mSELECT * FROM "customers" WHERE ("customers"."id" = 1) [0m
Rendering template within layouts/projects
Rendering projects/index
Completed in 20ms (View: 11, DB: 1) | 200 OK [http://localhost/projects]


Processing ProjectsController#edit (for 127.0.0.1 at 2010-03-09 11:46:47) [GET]
  Parameters: {"id"=>"1"}
  [4;35;1mCustomer Load (0.6ms)[0m   [0mSELECT * FROM "customers" [0m
  [4;36;1mProject Load (0.2ms)[0m   [0;1mSELECT * FROM "projects" WHERE ("projects"."id" = 1) [0m
Rendering template within layouts/projects
Rendering projects/edit
Rendered projects/_form (4.1ms)
Completed in 19ms (View: 9, DB: 1) | 200 OK [http://localhost/projects/1/edit]


Processing ProjectsController#update (for 127.0.0.1 at 2010-03-09 11:46:50) [PUT]
  Parameters: {"commit"=>"Create", "authenticity_token"=>"e9ymBCmzMDuhzDh40IUcoJC64CF1gQkVVtn5sHz/dzQ=", "id"=>"1", "project"=>{"name"=>"Our first project", "customer_id"=>"2", "description"=>""}}
  [4;35;1mCustomer Load (0.5ms)[0m   [0mSELECT * FROM "customers" [0m
  [4;36;1mProject Load (0.2ms)[0m   [0;1mSELECT * FROM "projects" WHERE ("projects"."id" = 1) [0m
  [4;35;1mCustomer Load (0.2ms)[0m   [0mSELECT * FROM "customers" WHERE ("customers"."id" = 2) [0m
  [4;36;1mCustomer Load (0.1ms)[0m   [0;1mSELECT "customers".id FROM "customers" WHERE ("customers"."name" = 'Basic, Inc.' AND "customers".id <> 2) LIMIT 1[0m
  [4;35;1mProject Load (0.1ms)[0m   [0mSELECT "projects".id FROM "projects" WHERE ("projects"."name" = 'Our first project' AND "projects".id <> 1) LIMIT 1[0m
  [4;36;1mProject Update (51.4ms)[0m   [0;1mUPDATE "projects" SET "updated_at" = '2010-03-09 14:46:50', "customer_id" = 2, "description" = '' WHERE "id" = 1[0m
Redirected to http://localhost:3000/projects/1
Completed in 69ms (DB: 52) | 302 Found [http://localhost/projects/1]


Processing ProjectsController#show (for 127.0.0.1 at 2010-03-09 11:46:50) [GET]
  Parameters: {"id"=>"1"}
  [4;35;1mProject Load (0.2ms)[0m   [0mSELECT * FROM "projects" WHERE ("projects"."id" = 1) [0m
Rendering template within layouts/projects
Rendering projects/show
  [4;36;1mCustomer Load (0.2ms)[0m   [0;1mSELECT * FROM "customers" WHERE ("customers"."id" = 2) [0m
Completed in 12ms (View: 6, DB: 0) | 200 OK [http://localhost/projects/1]


Processing ProjectsController#index (for 127.0.0.1 at 2010-03-09 11:46:51) [GET]
  [4;35;1mProject Load (0.5ms)[0m   [0mSELECT * FROM "projects" [0m
  [4;36;1mCustomer Load (0.3ms)[0m   [0;1mSELECT * FROM "customers" WHERE ("customers"."id" IN (1,2)) [0m
Rendering template within layouts/projects
Rendering projects/index
Completed in 16ms (View: 7, DB: 1) | 200 OK [http://localhost/projects]


Processing ProjectsController#index (for 127.0.0.1 at 2010-03-09 11:46:53) [GET]
  [4;35;1mProject Load (0.5ms)[0m   [0mSELECT * FROM "projects" [0m
  [4;36;1mCustomer Load (0.3ms)[0m   [0;1mSELECT * FROM "customers" WHERE ("customers"."id" IN (1,2)) [0m
Rendering template within layouts/projects
Rendering projects/index
Completed in 16ms (View: 7, DB: 1) | 200 OK [http://localhost/projects]
  [4;36;1mCustomer Load (0.5ms)[0m   [0;1mSELECT * FROM "customers" LIMIT 1[0m
  [4;35;1mCustomer Load (0.3ms)[0m   [0mSELECT * FROM "customers" WHERE ("customers"."id" = 1) [0m
  [4;36;1mCustomer Load (0.1ms)[0m   [0;1mSELECT "customers".id FROM "customers" WHERE ("customers"."name" = 'Acme, inc' AND "customers".id <> 1) LIMIT 1[0m
  [4;35;1mProject Load (0.1ms)[0m   [0mSELECT "projects".id FROM "projects" WHERE ("projects"."name" = 'First Factorial Project') LIMIT 1[0m
  [4;36;1mProject Create (0.4ms)[0m   [0;1mINSERT INTO "projects" ("name", "created_at", "updated_at", "description", "customer_id") VALUES('First Factorial Project', '2010-03-09 14:50:43', '2010-03-09 14:50:43', 'Ohaa, this project is a good one!', 1)[0m
  [4;35;1mProject Load (0.3ms)[0m   [0mSELECT * FROM "projects" WHERE ("projects".customer_id = 1) [0m
  [4;36;1mCustomer Load (0.6ms)[0m   [0;1mSELECT * FROM "customers" WHERE ("customers"."id" = 1) [0m
  [4;35;1mCustomer Load (0.3ms)[0m   [0mSELECT "customers".id FROM "customers" WHERE ("customers"."name" = 'Acme, inc' AND "customers".id <> 1) LIMIT 1[0m
  [4;36;1mProject Load (0.1ms)[0m   [0;1mSELECT "projects".id FROM "projects" WHERE ("projects"."name" = 'Second Factorial Project') LIMIT 1[0m
  [4;35;1mProject Create (0.6ms)[0m   [0mINSERT INTO "projects" ("name", "created_at", "updated_at", "description", "customer_id") VALUES('Second Factorial Project', '2010-03-09 14:50:48', '2010-03-09 14:50:48', 'Another one, man, I will gone be rich!', 1)[0m
  [4;36;1mCustomer Load (0.3ms)[0m   [0;1mSELECT "customers".id FROM "customers" WHERE ("customers"."name" = 'Acme, inc' AND "customers".id <> 1) LIMIT 1[0m
  [4;36;1mSQL (0.4ms)[0m   [0;1m SELECT name
 FROM sqlite_master
 WHERE type = 'table' AND NOT name = 'sqlite_sequence'
[0m
  [4;35;1mSQL (0.1ms)[0m   [0mSELECT version FROM schema_migrations[0m
Migrating to CreateCustomers (20100309141050)
Migrating to CreateProjects (20100309142551)
Migrating to AddActiveColumnToProjects (20100309145232)
  [4;36;1mSQL (0.1ms)[0m   [0;1mselect sqlite_version(*)[0m
  [4;35;1mSQL (25.9ms)[0m   [0mALTER TABLE "projects" ADD "active" boolean[0m
  [4;36;1mSQL (0.2ms)[0m   [0;1mINSERT INTO schema_migrations (version) VALUES ('20100309145232')[0m
  [4;35;1mSQL (0.3ms)[0m   [0m SELECT name
 FROM sqlite_master
 WHERE type = 'table' AND NOT name = 'sqlite_sequence'
[0m
  [4;36;1mSQL (0.2ms)[0m   [0;1mSELECT version FROM schema_migrations[0m
  [4;35;1mSQL (0.2ms)[0m   [0m SELECT name
 FROM sqlite_master
 WHERE type = 'table' AND NOT name = 'sqlite_sequence'
[0m
  [4;36;1mSQL (0.0ms)[0m   [0;1mPRAGMA index_list("customers")[0m
  [4;35;1mSQL (0.0ms)[0m   [0mPRAGMA index_list("projects")[0m
  [4;36;1mCustomer Load (0.1ms)[0m   [0;1mSELECT "customers".id FROM "customers" WHERE ("customers"."name" = 'Case, Inc') LIMIT 1[0m
  [4;35;1mCustomer Load (0.3ms)[0m   [0mSELECT "customers".id FROM "customers" WHERE ("customers"."name" = 'Case, Inc') LIMIT 1[0m
  [4;36;1mCustomer Create (1.4ms)[0m   [0;1mINSERT INTO "customers" ("name", "rating", "created_at", "updated_at", "phone", "description") VALUES('Case, Inc', '5', '2010-03-09 14:53:24', '2010-03-09 14:53:24', NULL, 'A')[0m
  [4;35;1mCustomer Load (0.6ms)[0m   [0mSELECT * FROM "customers" WHERE ("customers"."id" = 3) [0m
  [4;36;1mCustomer Load (0.1ms)[0m   [0;1mSELECT "customers".id FROM "customers" WHERE ("customers"."name" = 'Case, Inc' AND "customers".id <> 3) LIMIT 1[0m
  [4;35;1mProject Load (0.1ms)[0m   [0mSELECT "projects".id FROM "projects" WHERE ("projects"."name" = 'Project 1') LIMIT 1[0m
  [4;36;1mProject Create (0.3ms)[0m   [0;1mINSERT INTO "projects" ("name", "created_at", "updated_at", "description", "customer_id", "active") VALUES('Project 1', '2010-03-09 14:53:47', '2010-03-09 14:53:47', NULL, 3, 't')[0m
  [4;35;1mCustomer Load (0.4ms)[0m   [0mSELECT * FROM "customers" WHERE ("customers"."id" = 3) [0m
  [4;36;1mCustomer Load (0.1ms)[0m   [0;1mSELECT "customers".id FROM "customers" WHERE ("customers"."name" = 'Case, Inc' AND "customers".id <> 3) LIMIT 1[0m
  [4;35;1mProject Load (0.1ms)[0m   [0mSELECT "projects".id FROM "projects" WHERE ("projects"."name" = 'Project 2') LIMIT 1[0m
  [4;36;1mProject Create (0.6ms)[0m   [0;1mINSERT INTO "projects" ("name", "created_at", "updated_at", "description", "customer_id", "active") VALUES('Project 2', '2010-03-09 14:53:51', '2010-03-09 14:53:51', NULL, 3, 't')[0m
  [4;35;1mCustomer Load (0.5ms)[0m   [0mSELECT * FROM "customers" WHERE ("customers"."id" = 3) [0m
  [4;36;1mCustomer Load (0.2ms)[0m   [0;1mSELECT "customers".id FROM "customers" WHERE ("customers"."name" = 'Case, Inc' AND "customers".id <> 3) LIMIT 1[0m
  [4;35;1mProject Load (0.2ms)[0m   [0mSELECT "projects".id FROM "projects" WHERE ("projects"."name" = 'Project 3') LIMIT 1[0m
  [4;36;1mProject Create (0.7ms)[0m   [0;1mINSERT INTO "projects" ("name", "created_at", "updated_at", "description", "customer_id", "active") VALUES('Project 3', '2010-03-09 14:53:56', '2010-03-09 14:53:56', NULL, 3, 't')[0m
  [4;35;1mProject Load (0.8ms)[0m   [0mSELECT * FROM "projects" WHERE ("projects"."active" = 't') AND ("projects".customer_id = 3) [0m
  [4;36;1mProject Load (0.4ms)[0m   [0;1mSELECT * FROM "projects" WHERE ("projects"."active" = 'f') AND ("projects".customer_id = 3) [0m
  [4;35;1mProject Load (0.3ms)[0m   [0mSELECT * FROM "projects" WHERE (active = 'f') AND ("projects".customer_id = 3) ORDER BY name[0m
  [4;36;1mProject Load (1.0ms)[0m   [0;1mSELECT * FROM "projects" WHERE (active = 't') AND ("projects".customer_id = 3) ORDER BY name[0m


Processing CustomersController#index (for 127.0.0.1 at 2010-03-09 11:59:47) [GET]
  [4;36;1mCustomer Load (0.6ms)[0m   [0;1mSELECT * FROM "customers" [0m
Rendering template within layouts/customers
Rendering customers/index
Completed in 41ms (View: 29, DB: 1) | 200 OK [http://localhost/customers]


Processing CustomersController#show (for 127.0.0.1 at 2010-03-09 11:59:52) [GET]
  Parameters: {"id"=>"1"}
  [4;35;1mCustomer Load (0.2ms)[0m   [0mSELECT * FROM "customers" WHERE ("customers"."id" = 1) [0m
Rendering template within layouts/customers
Rendering customers/show
  [4;36;1mSQL (0.2ms)[0m   [0;1mSELECT count(*) AS count_all FROM "projects" WHERE ("projects".customer_id = 1) [0m
  [4;35;1mProject Load (0.3ms)[0m   [0mSELECT * FROM "projects" WHERE ("projects".customer_id = 1) [0m

ActionView::TemplateError (undefined local variable or method `project_name' for #<ActionView::Base:0x10346da30>) on line #26 of app/views/customers/show.html.erb:
23:     <b>Projects:</b>
24:     <ul>
25:       <% @customer.projects.each do |project| %>
26:         <li><%=h project_name %>
27:       <% end %>
28:     </ul>
29:   </p>

    app/views/customers/show.html.erb:26
    app/views/customers/show.html.erb:25
    app/controllers/customers_controller.rb:18:in `show'

Rendered rescues/_trace (107.2ms)
Rendered rescues/_request_and_response (1.2ms)
Rendering rescues/layout (internal_server_error)


Processing CustomersController#show (for 127.0.0.1 at 2010-03-09 12:00:48) [GET]
  Parameters: {"id"=>"1"}
  [4;36;1mCustomer Load (0.2ms)[0m   [0;1mSELECT * FROM "customers" WHERE ("customers"."id" = 1) [0m
Rendering template within layouts/customers
Rendering customers/show
  [4;35;1mSQL (0.2ms)[0m   [0mSELECT count(*) AS count_all FROM "projects" WHERE ("projects".customer_id = 1) [0m
  [4;36;1mProject Load (0.3ms)[0m   [0;1mSELECT * FROM "projects" WHERE ("projects".customer_id = 1) [0m
Completed in 38ms (View: 26, DB: 1) | 200 OK [http://localhost/customers/1]
